C51 COMPILER V9.52.0.0   IR                                                                08/15/2015 10:12:35 PAGE 1   


C51 COMPILER V9.52.0.0, COMPILATION OF MODULE IR
OBJECT MODULE PLACED IN ir.OBJ
COMPILER INVOKED BY: G:\Program Files\Keil\C51\BIN\C51.EXE ir.c BROWSE DEBUG OBJECTEXTEND TABS(2)

line level    source

   1          //Header files
   2          #include<reg51.h>
   3          
   4          //sbit pin declarations
   5          sbit ir_left=P0^0;
   6          sbit ir_right=P0^1;
   7          sbit rf=P2^0;
   8          sbit rb=P2^1;
   9          sbit lf=P2^2;
  10          sbit lb=P2^3; 
  11          
  12          //Global variables declarations
  13          int var_left=0,var_right=0,var_back=0;
  14          
  15          //Function Prototypes
  16          void stop();
  17          void forward();
  18          void backward();
  19          void left();
  20          void right();
  21          void delay(int);
  22          
  23          //main function
  24          void main()
  25          {
  26   1        P0=0xFF;  // declared input port
  27   1        P2=0x00;
  28   1        stop();
  29   1        while(1)
  30   1        {
  31   2          if(ir_right == 0 && ir_left == 1) // for right turn
  32   2          {     
  33   3            right();
  34   3            var_right++;
  35   3          }
  36   2          else if(ir_left == 0 && ir_right == 1)  // for left turn
  37   2          {
  38   3            left();
  39   3            var_left++;
  40   3          }
  41   2          else if(ir_left == 0 && ir_right == 0) 
  42   2          {
  43   3            forward();
  44   3          } 
  45   2          else if(ir_left == 1 && ir_right == 1)
  46   2          {
  47   3            backward();
  48   3            var_back++;
  49   3            if(var_back > 5)
  50   3            {
  51   4              var_back=0;
  52   4              if(var_left > var_right)
  53   4              {
  54   5                left();
  55   5                delay(200);
C51 COMPILER V9.52.0.0   IR                                                                08/15/2015 10:12:35 PAGE 2   

  56   5              }
  57   4              else
  58   4              {
  59   5                right();
  60   5                delay(200);
  61   5              }
  62   4            }
  63   3          }
  64   2          else
  65   2          {
  66   3            stop();
  67   3          }
  68   2        }
  69   1      }
  70          //end of main function
  71          
  72          /**************************** Function Definitions ************************************/
  73          
  74          //to stop all wheels
  75          void stop()
  76          
  77          {
  78   1        //Lcd8_Display(0x80,"...DEAD  END!...",16);
  79   1        lf=0;
  80   1        rf=0;
  81   1        lb=0;
  82   1        rb=0;
  83   1        //delay_motor(50);
  84   1      }
  85          
  86          // to move forward:
  87          void forward()
  88          {
  89   1        //Lcd8_Display(0x80,".Moving Forward.",16);
  90   1        lf=1;
  91   1        rf=1;
  92   1        lb=0;
  93   1        rb=0;
  94   1      }
  95          
  96          // to move backwards:
  97          void backward()
  98          {
  99   1        //Lcd8_Display(0x80,"Moving  Backward",16);
 100   1        lb=1;
 101   1        rb=1;
 102   1        lf=0;
 103   1        rf=0;
 104   1        delay(200);
 105   1      }
 106          
 107          // to move left
 108          void left()
 109          {
 110   1        //Lcd8_Display(0x80,"..Moving  Left..",16);
 111   1        lf=0;
 112   1        rf=1;
 113   1        lb=0;
 114   1        rb=0;
 115   1        //delay(100);
 116   1      }
 117          
C51 COMPILER V9.52.0.0   IR                                                                08/15/2015 10:12:35 PAGE 3   

 118          // to move left
 119          void right()
 120          {
 121   1        //Lcd8_Display(0x80,"..Moving Right..",16);
 122   1        lf=1;
 123   1        rf=0;
 124   1        lb=0;
 125   1        rb=0;
 126   1      //  delay(50);
 127   1      }
 128          
 129          void delay(int x)
 130          {
 131   1        int i,j;
 132   1        for(i=0;i<x;i++)
 133   1          for(j=0;j<250;j++);
 134   1      }


MODULE INFORMATION:   STATIC OVERLAYABLE
   CODE SIZE        =    219    ----
   CONSTANT SIZE    =   ----    ----
   XDATA SIZE       =   ----    ----
   PDATA SIZE       =   ----    ----
   DATA SIZE        =      6    ----
   IDATA SIZE       =   ----    ----
   BIT SIZE         =   ----    ----
END OF MODULE INFORMATION.


C51 COMPILATION COMPLETE.  0 WARNING(S),  0 ERROR(S)
