C51 COMPILER V9.52.0.0   TRANSMIT                                                          08/28/2015 11:38:18 PAGE 1   


C51 COMPILER V9.52.0.0, COMPILATION OF MODULE TRANSMIT
OBJECT MODULE PLACED IN transmit.OBJ
COMPILER INVOKED BY: G:\Program Files\Keil\C51\BIN\C51.EXE transmit.c BROWSE DEBUG OBJECTEXTEND TABS(2)

line level    source

   1          #include<reg52.h>              //including sfr registers for ports of the controller
   2          #include<lcd.h>
   3          #include <stdio.h>  
   4          
   5          //LCD Module Connections
   6          sbit RS = P0^0;                                                                   
   7          sbit EN = P0^1;                            
   8          sbit D0 = P2^0;
   9          sbit D1 = P2^1;
  10          sbit D2 = P2^2;
  11          sbit D3 = P2^3;
  12          sbit D4 = P2^4;
  13          sbit D5 = P2^5;
  14          sbit D6 = P2^6;
  15          sbit D7 = P2^7;                           
  16          sbit p=P0^2;  //pick 
  17          sbit d=P0^3;  //drop
  18          sbit r=P3^2;  //left
  19          sbit l=P3^3;  //right
  20          sbit up=P3^6; //up
  21          sbit down=P3^7; //down
  22          
  23          //Function Prototypes
  24          void pick();
  25          void drop();
  26          void move_up();
  27          void move_down();
  28          void stop();
  29          void left();
  30          void right();
  31          void delay(int);
  32          void set_intr();
  33          
  34          //Global variables
  35          unsigned char c='x';
  36          char count=0;
  37          
  38          //Begin main function
  39          void main()
  40          {
  41   1        int i=0;
  42   1        char str[20];
  43   1        char a;
  44   1        //P0=0x00;
  45   1        //P3=0x00;
  46   1        
  47   1        /*------------------------------------------------
  48   1      Setup the serial port for 2400 baud at 11.0592MHz.
  49   1      ------------------------------------------------*/
  50   1        
  51   1        TMOD=0x20;                                //Choosing Timer mode    
  52   1        TH1=0xFD;                                   //Selecting Baud Rate    
  53   1        SCON=0x50;                               //Serial mode selection    
  54   1        TR1=1;    
  55   1        IE=0x90; 
C51 COMPILER V9.52.0.0   TRANSMIT                                                          08/28/2015 11:38:18 PAGE 2   

  56   1        
  57   1        Lcd8_init();
*** WARNING C206 IN LINE 57 OF transmit.c: 'Lcd8_init': missing function-prototype
  58   1        Lcd8_Set_Cursor(1,1);
  59   1        Lcd8_Write_String("Bluetooth Controlled");
  60   1        Lcd8_Set_Cursor(2,1);
  61   1        Lcd8_Write_String("Robotic Arm");
  62   1        
  63   1        while(1)
  64   1        {   
  65   2          set_intr(); 
  66   2        }
  67   1        IE=0x90;
  68   1      }
*** WARNING C280 IN LINE 42 OF transmit.c: 'str': unreferenced local variable
*** WARNING C280 IN LINE 43 OF transmit.c: 'a': unreferenced local variable
  69          
  70          void set_intr(void) //interrupt 4        //Subroutine for Interrupt  
  71          {
  72   1        IE=0x00;
  73   1        TI=0;
  74   1        SBUF=c;
  75   1        delay(100);
  76   1        TI==1;
*** WARNING C275 IN LINE 76 OF transmit.c: expression with possibly no effect
  77   1        count++;
  78   1        //delay(1000);
  79   1        Lcd8_Clear();
  80   1        Lcd8_Set_Cursor(1,4);
  81   1        Lcd8_Write_Char(c);
  82   1        Lcd8_Set_Cursor(2,4);
  83   1        Lcd8_Write_Char(count);
  84   1        //IE=0x90;
  85   1      }
  86          
  87          void delay(int x)
  88          { 
  89   1        int i,j;
  90   1        for(i=0;i<x;i++)
  91   1          for(j=0;j<100;j++);
  92   1      }
*** WARNING C290 IN LINE 84 OF transmit.c: missing return value
*** WARNING C290 IN LINE 176 OF transmit.c: missing return value
*** WARNING C294 IN LINE 67 OF transmit.c: unreachable code


MODULE INFORMATION:   STATIC OVERLAYABLE
   CODE SIZE        =    710    ----
   CONSTANT SIZE    =     33    ----
   XDATA SIZE       =   ----    ----
   PDATA SIZE       =   ----    ----
   DATA SIZE        =      2      38
   IDATA SIZE       =   ----    ----
   BIT SIZE         =   ----    ----
END OF MODULE INFORMATION.


C51 COMPILATION COMPLETE.  7 WARNING(S),  0 ERROR(S)
