C51 COMPILER V9.52.0.0   8051_INTERFACING_WITH_KEYPAD                                      07/17/2015 01:22:54 PAGE 1   


C51 COMPILER V9.52.0.0, COMPILATION OF MODULE 8051_INTERFACING_WITH_KEYPAD
OBJECT MODULE PLACED IN 8051 interfacing with keypad.OBJ
COMPILER INVOKED BY: G:\Program Files\Keil\C51\BIN\C51.EXE 8051 interfacing with keypad.c BROWSE DEBUG OBJECTEXTEND TABS
                    -(2)

line level    source

   1          #include<reg52.h> //including sfr registers for ports of the controller
   2          #include<lcd.h>
   3          
   4          //LCD Module Connections
   5          sbit RS = P0^0;
   6          sbit EN = P0^1;
   7          sbit D0 = P2^0;
   8          sbit D1 = P2^1;
   9          sbit D2 = P2^2;
  10          sbit D3 = P2^3;
  11          sbit D4 = P2^4;
  12          sbit D5 = P2^5;
  13          sbit D6 = P2^6;
  14          sbit D7 = P2^7;
  15          //End LCD Module Connections
  16          
  17          //Keypad Connections
  18          sbit R1 = P1^0;
  19          sbit R2 = P1^1;
  20          sbit R3 = P1^2;
  21          sbit R4 = P1^3;
  22          sbit C1 = P1^4;
  23          sbit C2 = P1^5;
  24          sbit C3 = P1^6;
  25          sbit C4 = P1^7;
  26          //End Keypad Connections
  27          
  28          void delay(int x)
  29          {
  30   1        int i,j;
  31   1        for(i=0;i<x;i++)
  32   1        {
  33   2          for(j=0;j<100;j++)
  34   2          {
  35   3          }
  36   2        }
  37   1      }
  38          
  39          char read_keypad()
  40          {
  41   1        C1=1;
  42   1        C2=1;
  43   1        C3=1;
  44   1        C4=1;
  45   1        R1=0;
  46   1        R2=1;
  47   1        R3=1;
  48   1        R4=1;
  49   1        if(C1==0){delay(100);while(C1==0);return '7';}
  50   1        if(C2==0){delay(100);while(C2==0);return '8';}
  51   1        if(C3==0){delay(100);while(C3==0);return '9';}
  52   1        if(C4==0){delay(100);while(C4==0);return '/';}
  53   1        R1=1;
  54   1        R2=0;
C51 COMPILER V9.52.0.0   8051_INTERFACING_WITH_KEYPAD                                      07/17/2015 01:22:54 PAGE 2   

  55   1        R3=1;
  56   1        R4=1;
  57   1        if(C1==0){delay(100);while(C1==0);return '4';}
  58   1        if(C2==0){delay(100);while(C2==0);return '5';}
  59   1        if(C3==0){delay(100);while(C3==0);return '6';}
  60   1        if(C4==0){delay(100);while(C4==0);return 'X';}
  61   1        R1=1;
  62   1        R2=1;
  63   1        R3=0;
  64   1        R4=1;
  65   1        if(C1==0){delay(100);while(C1==0);return '1';}
  66   1        if(C2==0){delay(100);while(C2==0);return '2';}
  67   1        if(C3==0){delay(100);while(C3==0);return '3';}
  68   1        if(C4==0){delay(100);while(C4==0);return '-';}
  69   1        R1=1;
  70   1        R2=1;
  71   1        R3=1;
  72   1        R4=0;
  73   1        if(C1==0){delay(100);while(C1==0);return 'C';}
  74   1        if(C2==0){delay(100);while(C2==0);return '0';}
  75   1        if(C3==0){delay(100);while(C3==0);return '=';}
  76   1        if(C4==0){delay(100);while(C4==0);return '+';}
  77   1        return 0;
  78   1      }
  79          
  80          void main()
  81          {
  82   1        char c;
  83   1        int i=0,flag=0;
  84   1        char password[4]={"1234"};
  85   1        char input[4];
  86   1        Lcd8_Init();
  87   1        while(1)
  88   1        {
  89   2          Lcd8_Set_Cursor(1,1);
  90   2          Lcd8_Write_String("Enter Password:");
  91   2          Lcd8_Set_Cursor(2,1);
  92   2          
  93   2          while(i<4 && !(input[i]=read_keypad()))
  94   2          {
  95   3            //Lcd8_Set_Cursor(2,i+1);
  96   3            //Lcd8_Write_String("*");
  97   3            i++;
  98   3          }
  99   2      
 100   2          for(i=0;i<4;i++)
 101   2          {
 102   3            if(password[i]!=input[i])
 103   3            {
 104   4              flag=1;
 105   4              break;
 106   4            }
 107   3          }
 108   2          delay(1000);
 109   2          Lcd8_Clear();
 110   2          Lcd8_Set_Cursor(1,1);
 111   2          if(flag==1)
 112   2          {     
 113   3            Lcd8_Write_String("Wrong Password!");
 114   3          }
 115   2          else
 116   2          {     
C51 COMPILER V9.52.0.0   8051_INTERFACING_WITH_KEYPAD                                      07/17/2015 01:22:54 PAGE 3   

 117   3            Lcd8_Write_String("Correct Password");
 118   3          } 
 119   2          delay(2000);
 120   2         /* Lcd8_Write_String("Times:");
 121   2          while(!(c = read_keypad()));
 122   2          p=c;
 123   2          while(p==c)
 124   2          {
 125   2            i++;
 126   2            Lcd8_Set_Cursor(1,14);
 127   2            Lcd8_Write_Char(c);
 128   2            Lcd8_Set_Cursor(2,7);
 129   2            Lcd8_Write_Char(i+48);
 130   2            delay(100);
 131   2            while(!(c = read_keypad()));
 132   2          }
 133   2          i=0; */
 134   2          //while(!read_keypad());
 135   2          Lcd8_Clear();
 136   2         }
 137   1      }
*** WARNING C280 IN LINE 82 OF 8051 interfacing with keypad.c: 'c': unreferenced local variable
*** WARNING C290 IN LINE 84 OF 8051 interfacing with keypad.c: missing return value
*** WARNING C290 IN LINE 176 OF 8051 interfacing with keypad.c: missing return value


MODULE INFORMATION:   STATIC OVERLAYABLE
   CODE SIZE        =   1030    ----
   CONSTANT SIZE    =     53    ----
   XDATA SIZE       =   ----    ----
   PDATA SIZE       =   ----    ----
   DATA SIZE        =   ----      28
   IDATA SIZE       =   ----    ----
   BIT SIZE         =   ----    ----
END OF MODULE INFORMATION.


C51 COMPILATION COMPLETE.  3 WARNING(S),  0 ERROR(S)
