C51 COMPILER V9.52.0.0   4                                                                 07/12/2015 20:09:39 PAGE 1   


C51 COMPILER V9.52.0.0, COMPILATION OF MODULE 4
OBJECT MODULE PLACED IN 4.OBJ
COMPILER INVOKED BY: G:\Program Files\Keil\C51\BIN\C51.EXE 4.c BROWSE DEBUG OBJECTEXTEND TABS(2)

line level    source

   1          #include<reg52.h>             
   2          #include<lcd.h>
   3          
   4          //LCD Module Connections
   5          sbit RS = P0^0;                                                                   
   6          sbit EN = P0^1;                            
   7          sbit D0 = P2^0;
   8          sbit D1 = P2^1;
   9          sbit D2 = P2^2;
  10          sbit D3 = P2^3;
  11          //End LCD Module Connections
  12          void Delay(int a)
  13          {
  14   1          int j;
  15   1          int i;
  16   1          for(i=0;i<a;i++)
  17   1          {
  18   2              for(j=0;j<100;j++)
  19   2              {
  20   3              }
  21   2          }
  22   1      }
  23          void main()
  24          {
  25   1        int i;
  26   1        Lcd4_init();                                  
*** WARNING C206 IN LINE 26 OF 4.c: 'Lcd4_init': missing function-prototype
  27   1        while(1)
  28   1        {  
  29   2          Lcd4_Clear();
  30   2          Lcd4_Set_Cursor(2,2);
  31   2          Lcd4_Write_String("Celab LCD Example");
  32   2          for(i=0;i<15;i++)
  33   2          {
  34   3            Delay(400);
  35   3            Lcd4_Shift_Left();
  36   3          }
  37   2          
  38   2          for(i=0;i<15;i++)
  39   2          {
  40   3            Delay(400);
  41   3            Lcd4_Shift_Right();
  42   3          }/*
  43   2          Lcd_Clear();
  44   2          Lcd4_Set_Cursor(0,2);
  45   2          Lcd4_Write_Char('H');
  46   2          Lcd4_Write_Char('I');
  47   2          Delay(2000);*/
  48   2        }
  49   1      }
  50          
  51          
  52          
  53          
*** WARNING C290 IN LINE 83 OF 4.c: missing return value
C51 COMPILER V9.52.0.0   4                                                                 07/12/2015 20:09:39 PAGE 2   

*** WARNING C290 IN LINE 175 OF 4.c: missing return value


MODULE INFORMATION:   STATIC OVERLAYABLE
   CODE SIZE        =    683    ----
   CONSTANT SIZE    =     18    ----
   XDATA SIZE       =   ----    ----
   PDATA SIZE       =   ----    ----
   DATA SIZE        =   ----      15
   IDATA SIZE       =   ----    ----
   BIT SIZE         =   ----    ----
END OF MODULE INFORMATION.


C51 COMPILATION COMPLETE.  3 WARNING(S),  0 ERROR(S)
