C51 COMPILER V9.52.0.0   4                                                                 07/12/2015 20:31:37 PAGE 1   


C51 COMPILER V9.52.0.0, COMPILATION OF MODULE 4
OBJECT MODULE PLACED IN 4.OBJ
COMPILER INVOKED BY: G:\Program Files\Keil\C51\BIN\C51.EXE 4.c BROWSE DEBUG OBJECTEXTEND TABS(2)

line level    source

   1          #include<reg52.h>              //including sfr registers for ports of the controller
   2          #include<lcd.h>
   3          
   4          //LCD Module Connections
   5          sbit RS = P0^0;                                                                   
   6          sbit EN = P0^1;                            
   7          sbit D0 = P2^0;
   8          sbit D1 = P2^1;
   9          sbit D2 = P2^2;
  10          sbit D3 = P2^3;
  11          sbit D4 = P2^4;
  12          sbit D5 = P2^5;
  13          sbit D6 = P2^6;
  14          sbit D7 = P2^7;
  15          //End LCD Module Connections
  16          void Delay(int a)
  17          {
  18   1          int j;
  19   1          int i;
  20   1          for(i=0;i<a;i++)
  21   1          {
  22   2              for(j=0;j<100;j++)
  23   2              {
  24   3              }
  25   2          }
  26   1      }
  27          void main()
  28          {
  29   1        int i;
  30   1        Lcd8_init();                                  
*** WARNING C206 IN LINE 30 OF 4.c: 'Lcd8_init': missing function-prototype
  31   1        while(1)
  32   1        {
  33   2          Lcd8_Clear();
  34   2          Lcd8_Set_Cursor(1,1);
  35   2          Lcd8_Write_String("PIYUSH KUMAR");
  36   2          for(i=0;i<11;i++)
  37   2          {
  38   3            Delay(500);
  39   3            Lcd8_Shift_Left();
  40   3          }
  41   2          for(i=0;i<15;i++)
  42   2          {
  43   3            Delay(500);
  44   3            Lcd8_Shift_Right();
  45   3          }
  46   2          Lcd8_Clear();
  47   2          Lcd8_Set_Cursor(2,1);
  48   2           Lcd8_Write_String("Welcome ");
  49   2          for(i=0;i<15;i++)
  50   2          Delay(500);
  51   2          Lcd8_Write_Char('O');
  52   2          Lcd8_Write_Char('K');
  53   2          Delay(1000);
  54   2        }
C51 COMPILER V9.52.0.0   4                                                                 07/12/2015 20:31:37 PAGE 2   

  55   1      }
  56          
  57          
  58          
  59          
*** WARNING C290 IN LINE 84 OF 4.c: missing return value
*** WARNING C290 IN LINE 176 OF 4.c: missing return value


MODULE INFORMATION:   STATIC OVERLAYABLE
   CODE SIZE        =    727    ----
   CONSTANT SIZE    =     22    ----
   XDATA SIZE       =   ----    ----
   PDATA SIZE       =   ----    ----
   DATA SIZE        =   ----      15
   IDATA SIZE       =   ----    ----
   BIT SIZE         =   ----    ----
END OF MODULE INFORMATION.


C51 COMPILATION COMPLETE.  3 WARNING(S),  0 ERROR(S)
