C51 COMPILER V9.52.0.0   IR                                                                08/15/2015 02:39:43 PAGE 1   


C51 COMPILER V9.52.0.0, COMPILATION OF MODULE IR
OBJECT MODULE PLACED IN ir.OBJ
COMPILER INVOKED BY: G:\Program Files\Keil\C51\BIN\C51.EXE ir.c BROWSE DEBUG OBJECTEXTEND TABS(2)

line level    source

   1          //Header files
   2          #include<reg51.h>
   3          
   4          //sbit pin declarations
   5          sbit ir=P0^0;
   6          sbit rf=P2^0;
   7          sbit rb=P2^1;
   8          sbit lf=P2^2;
   9          sbit lb=P2^3; 
  10          
  11          //Function Prototypes
  12          void stop();
  13          void forward();
  14          void backward();
  15          void left();
  16          void right();
  17          void delay(int);
  18          
  19          //main function
  20          void main()
  21          {
  22   1        P0=0xFF;  // declared input port
  23   1        stop();
  24   1        while(1)
  25   1        {
  26   2          if(ir == 0)
  27   2          {     
  28   3            stop();
  29   3            delay(200);
  30   3            backward();
  31   3            delay(1000);
  32   3            stop();
  33   3            delay(100);
  34   3            left();
  35   3            delay(1000);
  36   3          }
  37   2          forward();
  38   2        }
  39   1      }
  40          //end of main function
  41          
  42          /**************************** Function Definitions ************************************/
  43          
  44          //to stop all wheels
  45          void stop()
  46          {
  47   1        //Lcd8_Display(0x80,"...DEAD  END!...",16);
  48   1        lf=0;
  49   1        rf=0;
  50   1        lb=0;
  51   1        rb=0;
  52   1        //delay_motor(50);
  53   1      }
  54          
  55          // to move forward:
C51 COMPILER V9.52.0.0   IR                                                                08/15/2015 02:39:43 PAGE 2   

  56          void forward()
  57          {
  58   1        //Lcd8_Display(0x80,".Moving Forward.",16);
  59   1        lf=1;
  60   1        rf=1;
  61   1        lb=0;
  62   1        rb=0;
  63   1      }
  64          
  65          // to move backwards:
  66          void backward()
  67          {
  68   1        //Lcd8_Display(0x80,"Moving  Backward",16);
  69   1        lb=1;
  70   1        rb=1;
  71   1        lf=0;
  72   1        rf=0;
  73   1      }
  74          
  75          // to move left
  76          void left()
  77          {
  78   1        //Lcd8_Display(0x80,"..Moving  Left..",16);
  79   1        lf=0;
  80   1        rf=1;
  81   1        lb=0;
  82   1        rb=0;
  83   1        //delay(50);
  84   1      }
  85          
  86          // to move left
  87          void right()
  88          {
  89   1        //Lcd8_Display(0x80,"..Moving Right..",16);
  90   1        lf=1;
  91   1        rf=0;
  92   1        lb=0;
  93   1        rb=1;
  94   1        delay(50);
  95   1      }
  96          
  97          void delay(int x)
  98          {
  99   1        int i,j;
 100   1        for(i=0;i<x;i++)
 101   1          for(j=0;j<250;j++);
 102   1      }


MODULE INFORMATION:   STATIC OVERLAYABLE
   CODE SIZE        =    143    ----
   CONSTANT SIZE    =   ----    ----
   XDATA SIZE       =   ----    ----
   PDATA SIZE       =   ----    ----
   DATA SIZE        =   ----    ----
   IDATA SIZE       =   ----    ----
   BIT SIZE         =   ----    ----
END OF MODULE INFORMATION.


C51 COMPILATION COMPLETE.  0 WARNING(S),  0 ERROR(S)
